2019-05-29 14:18:00,977 INFO o.a.j.u.JMeterUtils: Setting Locale to en_EN
2019-05-29 14:18:00,989 INFO o.a.j.JMeter: Loading user properties from: user.properties
2019-05-29 14:18:00,990 INFO o.a.j.JMeter: Loading system properties from: system.properties
2019-05-29 14:18:00,993 INFO o.a.j.JMeter: Copyright (c) 1998-2019 The Apache Software Foundation
2019-05-29 14:18:00,993 INFO o.a.j.JMeter: Version 5.1.1 r1855137
2019-05-29 14:18:00,993 INFO o.a.j.JMeter: java.version=12.0.1
2019-05-29 14:18:00,993 INFO o.a.j.JMeter: java.vm.name=Java HotSpot(TM) 64-Bit Server VM
2019-05-29 14:18:00,993 INFO o.a.j.JMeter: os.name=Windows 10
2019-05-29 14:18:00,993 INFO o.a.j.JMeter: os.arch=amd64
2019-05-29 14:18:00,993 INFO o.a.j.JMeter: os.version=10.0
2019-05-29 14:18:00,993 INFO o.a.j.JMeter: file.encoding=Cp1252
2019-05-29 14:18:00,993 INFO o.a.j.JMeter: java.awt.headless=null
2019-05-29 14:18:00,993 INFO o.a.j.JMeter: Max memory     =1073741824
2019-05-29 14:18:00,993 INFO o.a.j.JMeter: Available Processors =12
2019-05-29 14:18:00,999 INFO o.a.j.JMeter: Default Locale=English (EN)
2019-05-29 14:18:00,999 INFO o.a.j.JMeter: JMeter  Locale=English (EN)
2019-05-29 14:18:00,999 INFO o.a.j.JMeter: JMeterHome=D:\Programs\Git\JmeterPerfTest\jmeter
2019-05-29 14:18:00,999 INFO o.a.j.JMeter: user.dir  =D:\Programs\Git\JmeterPerfTest\jmeter\bin
2019-05-29 14:18:00,999 INFO o.a.j.JMeter: PWD       =D:\Programs\Git\JmeterPerfTest\jmeter\bin
2019-05-29 14:18:01,000 INFO o.a.j.JMeter: IP: 10.6.210.118 Name: EPBYMINW9150 FullName: EPBYMINW9150.minsk.epam.com
2019-05-29 14:18:01,134 INFO o.a.j.g.a.LookAndFeelCommand: Installing Darcula LAF
2019-05-29 14:18:01,139 INFO o.a.j.g.a.LookAndFeelCommand: Using look and feel: com.bulenkov.darcula.DarculaLaf [Darcula]
2019-05-29 14:18:01,139 INFO o.a.j.JMeter: Setting LAF to: com.bulenkov.darcula.DarculaLaf
2019-05-29 14:18:01,179 INFO o.a.j.JMeter: Loaded icon properties from org/apache/jmeter/images/icon.properties
2019-05-29 14:18:01,834 INFO o.j.r.JARSourceHTTP: Found cached repo
2019-05-29 14:18:01,917 INFO o.j.r.PluginManager: Plugins Status: [jpgc-graphs-basic=2.0, jpgc-graphs-additional=2.0, jpgc-functions=2.1, jpgc-casutg=2.8, jpgc-dummy=0.2, jpgc-ffw=2.0, jpgc-fifo=0.2, jpgc-perfmon=2.1, jpgc-plugins-manager=1.3, ssh-sampler=1.1.1-SNAPSHOT, jpgc-tst=2.5, jmeter-core=5.1.1, jmeter-ftp=5.1.1, jmeter-http=5.1.1, jmeter-jdbc=5.1.1, jmeter-jms=5.1.1, jmeter-junit=5.1.1, jmeter-java=5.1.1, jmeter-ldap=5.1.1, jmeter-mail=5.1.1, jmeter-mongodb=5.1.1, jmeter-native=5.1.1, jmeter-tcp=5.1.1, jmeter-components=5.1.1, jpgc-standard=2.0]
2019-05-29 14:18:03,308 INFO o.a.j.p.h.s.HTTPSamplerBase: Parser for text/html is org.apache.jmeter.protocol.http.parser.LagartoBasedHtmlParser
2019-05-29 14:18:03,309 INFO o.a.j.p.h.s.HTTPSamplerBase: Parser for application/xhtml+xml is org.apache.jmeter.protocol.http.parser.LagartoBasedHtmlParser
2019-05-29 14:18:03,309 INFO o.a.j.p.h.s.HTTPSamplerBase: Parser for application/xml is org.apache.jmeter.protocol.http.parser.LagartoBasedHtmlParser
2019-05-29 14:18:03,309 INFO o.a.j.p.h.s.HTTPSamplerBase: Parser for text/xml is org.apache.jmeter.protocol.http.parser.LagartoBasedHtmlParser
2019-05-29 14:18:03,309 INFO o.a.j.p.h.s.HTTPSamplerBase: Parser for text/vnd.wap.wml is org.apache.jmeter.protocol.http.parser.RegexpHTMLParser
2019-05-29 14:18:03,309 INFO o.a.j.p.h.s.HTTPSamplerBase: Parser for text/css is org.apache.jmeter.protocol.http.parser.CssParser
2019-05-29 14:18:03,553 INFO o.a.j.e.KeyToolUtils: keytool found at 'keytool'
2019-05-29 14:18:03,555 INFO o.a.j.p.h.p.ProxyControl: HTTP(S) Test Script Recorder SSL Proxy will use keys that support embedded 3rd party resources in file D:\Programs\Git\JmeterPerfTest\jmeter\bin\proxyserver.jks
2019-05-29 14:18:03,691 INFO o.a.j.s.FileServer: Default base='D:\Programs\Git\JmeterPerfTest\jmeter\bin'
2019-05-29 14:18:04,056 INFO o.a.j.s.SampleResult: Note: Sample TimeStamps are START times
2019-05-29 14:18:04,056 INFO o.a.j.s.SampleResult: sampleresult.default.encoding is set to ISO-8859-1
2019-05-29 14:18:04,057 INFO o.a.j.s.SampleResult: sampleresult.useNanoTime=true
2019-05-29 14:18:04,057 INFO o.a.j.s.SampleResult: sampleresult.nanoThreadSleep=5000
2019-05-29 14:18:04,070 INFO o.a.j.v.ViewResultsFullVisualizer: Add JavaFX to your Java installation if you want to use renderer: org.apache.jmeter.visualizers.RenderInBrowser
2019-05-29 14:18:06,862 INFO o.a.j.g.a.Load: Loading file: D:\Programs\Git\JmeterPerfTest\scripts\Test_NopCommerce.jmx
2019-05-29 14:18:06,862 INFO o.a.j.s.FileServer: Set new base='D:\Programs\Git\JmeterPerfTest\scripts'
2019-05-29 14:18:06,928 INFO o.a.j.s.SaveService: Testplan (JMX) version: 2.2. Testlog (JTL) version: 2.2
2019-05-29 14:18:06,939 INFO o.a.j.s.SaveService: Using SaveService properties version 5.0
2019-05-29 14:18:06,941 INFO o.a.j.s.SaveService: Using SaveService properties file encoding UTF-8
2019-05-29 14:18:06,941 INFO o.a.j.s.SaveService: Loading file: D:\Programs\Git\JmeterPerfTest\scripts\Test_NopCommerce.jmx
2019-05-29 14:18:07,043 INFO o.a.j.p.h.c.CookieManager: Settings: Delete null: true Check: true Allow variable: true Save: false Prefix: COOKIE_
2019-05-29 14:18:07,044 INFO o.a.j.p.h.c.CacheManager: Will only cache the following methods: [GET]
2019-05-29 14:18:07,249 INFO o.a.j.v.ViewResultsFullVisualizer: Add JavaFX to your Java installation if you want to use renderer: org.apache.jmeter.visualizers.RenderInBrowser
2019-05-29 14:18:07,385 INFO o.a.j.e.u.CompoundVariable: Note: Function class names must contain the string: '.functions.'
2019-05-29 14:18:07,385 INFO o.a.j.e.u.CompoundVariable: Note: Function class names must not contain the string: '.gui.'
2019-05-29 14:18:07,455 INFO o.a.j.s.FileServer: Set new base='D:\Programs\Git\JmeterPerfTest\scripts'
